2014-11-14 20:13:34 INFO  Version:37 - HCANN000001: Hibernate Commons Annotations {4.0.1.Final}
2014-11-14 20:13:34 INFO  Version:41 - HHH000412: Hibernate Core {4.2.1.Final}
2014-11-14 20:13:34 INFO  Environment:239 - HHH000206: hibernate.properties not found
2014-11-14 20:13:34 INFO  Environment:342 - HHH000021: Bytecode provider name : javassist
2014-11-14 20:13:34 INFO  Ejb3Configuration:528 - HHH000204: Processing PersistenceUnitInfo [
	name: ECARE
	...]
2014-11-14 20:13:35 INFO  ConnectionProviderInitiator:188 - HHH000130: Instantiating explicit connection provider: org.hibernate.ejb.connection.InjectedDataSourceConnectionProvider
2014-11-14 20:13:35 INFO  Dialect:128 - HHH000400: Using dialect: org.hibernate.dialect.MySQLDialect
2014-11-14 20:13:35 INFO  TransactionFactoryInitiator:73 - HHH000268: Transaction strategy: org.hibernate.engine.transaction.internal.jdbc.JdbcTransactionFactory
2014-11-14 20:13:36 INFO  ASTQueryTranslatorFactory:48 - HHH000397: Using ASTQueryTranslatorFactory
2014-11-14 20:13:38 INFO  Ejb3Configuration:528 - HHH000204: Processing PersistenceUnitInfo [
	name: ECARE
	...]
2014-11-14 20:13:38 INFO  ConnectionProviderInitiator:188 - HHH000130: Instantiating explicit connection provider: org.hibernate.ejb.connection.InjectedDataSourceConnectionProvider
2014-11-14 20:13:38 INFO  Dialect:128 - HHH000400: Using dialect: org.hibernate.dialect.MySQLDialect
2014-11-14 20:13:38 INFO  TransactionFactoryInitiator:73 - HHH000268: Transaction strategy: org.hibernate.engine.transaction.internal.jdbc.JdbcTransactionFactory
2014-11-14 20:13:38 INFO  ASTQueryTranslatorFactory:48 - HHH000397: Using ASTQueryTranslatorFactory
2014-11-14 20:13:38 WARN  EntityManagerFactoryRegistry:80 - HHH000436: Entity manager factory name (ECARE) is already registered.  If entity manager will be clustered or passivated, specify a unique value for property 'hibernate.ejb.entitymanager_factory_name'
2014-11-14 20:13:57 INFO  ClientService:97 - Find client with login: client and password:123456 in DB.
2014-11-14 20:13:57 INFO  ClientService:109 - Client Client{name='Client', lastname='Temporary', passport=1231234532, address='SPB, street, house', email='client', password='123456', role='client', amount=0} found and loaded from DB.
2014-11-14 20:13:57 INFO  LoginController:49 - User(client): Client{name='Client', lastname='Temporary', passport=1231234532, address='SPB, street, house', email='client', password='123456', role='client', amount=0} login in application.
2014-11-14 20:17:19 INFO  ClientService:97 - Find client with login: client and password:123456 in DB.
2014-11-14 20:17:19 INFO  ClientService:109 - Client Client{name='Client', lastname='Temporary', passport=1231234532, address='SPB, street, house', email='client', password='123456', role='client', amount=0} found and loaded from DB.
2014-11-14 20:17:19 INFO  LoginController:49 - User(client): Client{name='Client', lastname='Temporary', passport=1231234532, address='SPB, street, house', email='client', password='123456', role='client', amount=0} login in application.
2014-11-14 20:17:27 INFO  ClientService:97 - Find client with login: admin and password:admin in DB.
2014-11-14 20:17:27 INFO  ClientService:109 - Client Client{name='Operator', lastname='1', passport=null, address='', email='admin', password='admin', role='admin', amount=0} found and loaded from DB.
2014-11-14 20:17:27 INFO  ClientService:173 - Get all clients from DB.
2014-11-14 20:17:27 INFO  ClientService:181 - All clients obtained from DB.
2014-11-14 20:17:27 INFO  LoginController:60 - User(admin): Client{name='Operator', lastname='1', passport=null, address='', email='admin', password='admin', role='admin', amount=0} login in application.
2014-11-14 20:17:46 INFO  LoginController:75 - User has logout from application.
2014-11-14 20:18:06 INFO  ClientService:97 - Find client with login: client and password:123456 in DB.
2014-11-14 20:18:06 INFO  ClientService:109 - Client Client{name='Client', lastname='Temporary', passport=1231234532, address='SPB, street, house', email='client', password='123456', role='client', amount=0} found and loaded from DB.
2014-11-14 20:18:06 INFO  LoginController:49 - User(client): Client{name='Client', lastname='Temporary', passport=1231234532, address='SPB, street, house', email='client', password='123456', role='client', amount=0} login in application.
2014-11-14 20:21:24 INFO  Version:37 - HCANN000001: Hibernate Commons Annotations {4.0.1.Final}
2014-11-14 20:21:24 INFO  Version:41 - HHH000412: Hibernate Core {4.2.1.Final}
2014-11-14 20:21:24 INFO  Environment:239 - HHH000206: hibernate.properties not found
2014-11-14 20:21:24 INFO  Environment:342 - HHH000021: Bytecode provider name : javassist
2014-11-14 20:21:24 INFO  Ejb3Configuration:528 - HHH000204: Processing PersistenceUnitInfo [
	name: ECARE
	...]
2014-11-14 20:21:25 INFO  ConnectionProviderInitiator:188 - HHH000130: Instantiating explicit connection provider: org.hibernate.ejb.connection.InjectedDataSourceConnectionProvider
2014-11-14 20:21:26 INFO  Dialect:128 - HHH000400: Using dialect: org.hibernate.dialect.MySQLDialect
2014-11-14 20:21:26 INFO  TransactionFactoryInitiator:73 - HHH000268: Transaction strategy: org.hibernate.engine.transaction.internal.jdbc.JdbcTransactionFactory
2014-11-14 20:21:26 INFO  ASTQueryTranslatorFactory:48 - HHH000397: Using ASTQueryTranslatorFactory
2014-11-14 20:21:28 INFO  Ejb3Configuration:528 - HHH000204: Processing PersistenceUnitInfo [
	name: ECARE
	...]
2014-11-14 20:21:28 INFO  ConnectionProviderInitiator:188 - HHH000130: Instantiating explicit connection provider: org.hibernate.ejb.connection.InjectedDataSourceConnectionProvider
2014-11-14 20:21:29 INFO  Dialect:128 - HHH000400: Using dialect: org.hibernate.dialect.MySQLDialect
2014-11-14 20:21:29 INFO  TransactionFactoryInitiator:73 - HHH000268: Transaction strategy: org.hibernate.engine.transaction.internal.jdbc.JdbcTransactionFactory
2014-11-14 20:21:29 INFO  ASTQueryTranslatorFactory:48 - HHH000397: Using ASTQueryTranslatorFactory
2014-11-14 20:21:29 WARN  EntityManagerFactoryRegistry:80 - HHH000436: Entity manager factory name (ECARE) is already registered.  If entity manager will be clustered or passivated, specify a unique value for property 'hibernate.ejb.entitymanager_factory_name'
2014-11-14 20:21:41 INFO  ClientService:97 - Find client with login: client and password:123456 in DB.
2014-11-14 20:21:41 INFO  ClientService:109 - Client Client{name='Client', lastname='Temporary', passport=1231234532, address='SPB, street, house', email='client', password='123456', role='client', amount=0} found and loaded from DB.
2014-11-14 20:21:41 INFO  LoginController:49 - User(client): Client{name='Client', lastname='Temporary', passport=1231234532, address='SPB, street, house', email='client', password='123456', role='client', amount=0} login in application.
2014-11-14 20:21:46 INFO  LoginController:75 - User has logout from application.
2014-11-14 20:21:52 INFO  ClientService:97 - Find client with login: admin and password:admin in DB.
2014-11-14 20:21:52 INFO  ClientService:109 - Client Client{name='Operator', lastname='1', passport=null, address='', email='admin', password='admin', role='admin', amount=0} found and loaded from DB.
2014-11-14 20:21:52 INFO  ClientService:173 - Get all clients from DB.
2014-11-14 20:21:52 INFO  ClientService:181 - All clients obtained from DB.
2014-11-14 20:21:52 INFO  LoginController:60 - User(admin): Client{name='Operator', lastname='1', passport=null, address='', email='admin', password='admin', role='admin', amount=0} login in application.
2014-11-14 20:22:13 INFO  LoginController:75 - User has logout from application.
2014-11-14 20:22:15 INFO  RegistrationController:40 - New user has enter to the registration page.
2014-11-14 20:22:25 INFO  ClientService:97 - Find client with login: client and password:123456 in DB.
2014-11-14 20:22:25 INFO  ClientService:109 - Client Client{name='Client', lastname='Temporary', passport=1231234532, address='SPB, street, house', email='client', password='123456', role='client', amount=0} found and loaded from DB.
2014-11-14 20:22:25 INFO  LoginController:49 - User(client): Client{name='Client', lastname='Temporary', passport=1231234532, address='SPB, street, house', email='client', password='123456', role='client', amount=0} login in application.
2014-11-14 20:22:52 INFO  LoginController:75 - User has logout from application.
